This file contains any messages produced by compilers while
running configure, to aid debugging if configure makes a mistake.

It was created by LinuxDC++ configure 0.09, which was
generated by GNU Autoconf 2.59.  Invocation command line was

  $ ./configure 

## --------- ##
## Platform. ##
## --------- ##

hostname = Jens-dator
uname -m = i686
uname -r = 2.6.7
uname -s = Linux
uname -v = #2 SMP Tue Nov 2 11:51:02 CET 2004

/usr/bin/uname -p = unknown
/bin/uname -X     = unknown

/bin/arch              = i686
/usr/bin/arch -k       = unknown
/usr/convex/getsysinfo = unknown
hostinfo               = unknown
/bin/machine           = unknown
/usr/bin/oslevel       = unknown
/bin/universe          = unknown

PATH: /home/jens/bin
PATH: /usr/local/bin
PATH: /usr/bin
PATH: /bin
PATH: /usr/bin/X11
PATH: /usr/games
PATH: /sbin
PATH: /usr/sbin


## ----------- ##
## Core tests. ##
## ----------- ##

configure:1360: checking for a BSD-compatible install
configure:1415: result: /usr/bin/install -c
configure:1426: checking whether build environment is sane
configure:1469: result: yes
configure:1526: checking for gawk
configure:1555: result: no
configure:1526: checking for mawk
configure:1542: found /usr/bin/mawk
configure:1552: result: mawk
configure:1562: checking whether make sets $(MAKE)
configure:1582: result: yes
configure:1800: checking for g++
configure:1816: found /usr/bin/g++
configure:1826: result: g++
configure:1842: checking for C++ compiler version
configure:1845: g++ --version </dev/null >&5
g++ (GCC) 3.3.4 (Debian 1:3.3.4-13)
Copyright (C) 2003 Free Software Foundation, Inc.
This is free software; see the source for copying conditions.  There is NO
warranty; not even for MERCHANTABILITY or FITNESS FOR A PARTICULAR PURPOSE.

configure:1848: $? = 0
configure:1850: g++ -v </dev/null >&5
Reading specs from /usr/lib/gcc-lib/i486-linux/3.3.4/specs
Configured with: ../src/configure -v --enable-languages=c,c++,java,f77,pascal,objc,ada,treelang --prefix=/usr --mandir=/usr/share/man --infodir=/usr/share/info --with-gxx-include-dir=/usr/include/c++/3.3 --enable-shared --with-system-zlib --enable-nls --without-included-gettext --enable-__cxa_atexit --enable-clocale=gnu --enable-debug --enable-java-gc=boehm --enable-java-awt=xlib --enable-objc-gc i486-linux
Thread model: posix
gcc version 3.3.4 (Debian 1:3.3.4-13)
configure:1853: $? = 0
configure:1855: g++ -V </dev/null >&5
g++: `-V' option must have argument
configure:1858: $? = 1
configure:1881: checking for C++ compiler default output file name
configure:1884: g++    conftest.cc  >&5
configure:1887: $? = 0
configure:1933: result: a.out
configure:1938: checking whether the C++ compiler works
configure:1944: ./a.out
configure:1947: $? = 0
configure:1964: result: yes
configure:1971: checking whether we are cross compiling
configure:1973: result: no
configure:1976: checking for suffix of executables
configure:1978: g++ -o conftest    conftest.cc  >&5
configure:1981: $? = 0
configure:2006: result: 
configure:2012: checking for suffix of object files
configure:2033: g++ -c   conftest.cc >&5
configure:2036: $? = 0
configure:2058: result: o
configure:2062: checking whether we are using the GNU C++ compiler
configure:2086: g++ -c   conftest.cc >&5
configure:2092: $? = 0
configure:2095: test -z 			 || test ! -s conftest.err
configure:2098: $? = 0
configure:2101: test -s conftest.o
configure:2104: $? = 0
configure:2117: result: yes
configure:2123: checking whether g++ accepts -g
configure:2144: g++ -c -g  conftest.cc >&5
configure:2150: $? = 0
configure:2153: test -z 			 || test ! -s conftest.err
configure:2156: $? = 0
configure:2159: test -s conftest.o
configure:2162: $? = 0
configure:2173: result: yes
configure:2215: g++ -c -g -O2  conftest.cc >&5
configure:2221: $? = 0
configure:2224: test -z 			 || test ! -s conftest.err
configure:2227: $? = 0
configure:2230: test -s conftest.o
configure:2233: $? = 0
configure:2259: g++ -c -g -O2  conftest.cc >&5
conftest.cc: In function `int main()':
conftest.cc:15: error: `exit' undeclared (first use this function)
conftest.cc:15: error: (Each undeclared identifier is reported only once for 
   each function it appears in.)
configure:2265: $? = 1
configure: failed program was:
| /* confdefs.h.  */
| 
| #define PACKAGE_NAME "LinuxDC++"
| #define PACKAGE_TARNAME "linuxdc--"
| #define PACKAGE_VERSION "0.09"
| #define PACKAGE_STRING "LinuxDC++ 0.09"
| #define PACKAGE_BUGREPORT ""
| #define PACKAGE "linuxdc--"
| #define VERSION "0.09"
| /* end confdefs.h.  */
| 
| int
| main ()
| {
| exit (42);
|   ;
|   return 0;
| }
configure:2215: g++ -c -g -O2  conftest.cc >&5
configure:2221: $? = 0
configure:2224: test -z 			 || test ! -s conftest.err
configure:2227: $? = 0
configure:2230: test -s conftest.o
configure:2233: $? = 0
configure:2259: g++ -c -g -O2  conftest.cc >&5
configure:2265: $? = 0
configure:2268: test -z 			 || test ! -s conftest.err
configure:2271: $? = 0
configure:2274: test -s conftest.o
configure:2277: $? = 0
configure:2311: checking for style of include used by make
configure:2339: result: GNU
configure:2367: checking dependency style of g++
configure:2457: result: gcc3
configure:2515: checking for ranlib
configure:2531: found /usr/bin/ranlib
configure:2542: result: ranlib
configure:2605: checking for gcc
configure:2621: found /usr/bin/gcc
configure:2631: result: gcc
configure:2875: checking for C compiler version
configure:2878: gcc --version </dev/null >&5
gcc (GCC) 3.3.4 (Debian 1:3.3.4-13)
Copyright (C) 2003 Free Software Foundation, Inc.
This is free software; see the source for copying conditions.  There is NO
warranty; not even for MERCHANTABILITY or FITNESS FOR A PARTICULAR PURPOSE.

configure:2881: $? = 0
configure:2883: gcc -v </dev/null >&5
Reading specs from /usr/lib/gcc-lib/i486-linux/3.3.4/specs
Configured with: ../src/configure -v --enable-languages=c,c++,java,f77,pascal,objc,ada,treelang --prefix=/usr --mandir=/usr/share/man --infodir=/usr/share/info --with-gxx-include-dir=/usr/include/c++/3.3 --enable-shared --with-system-zlib --enable-nls --without-included-gettext --enable-__cxa_atexit --enable-clocale=gnu --enable-debug --enable-java-gc=boehm --enable-java-awt=xlib --enable-objc-gc i486-linux
Thread model: posix
gcc version 3.3.4 (Debian 1:3.3.4-13)
configure:2886: $? = 0
configure:2888: gcc -V </dev/null >&5
gcc: `-V' option must have argument
configure:2891: $? = 1
configure:2894: checking whether we are using the GNU C compiler
configure:2918: gcc -c   conftest.c >&5
configure:2924: $? = 0
configure:2927: test -z 			 || test ! -s conftest.err
configure:2930: $? = 0
configure:2933: test -s conftest.o
configure:2936: $? = 0
configure:2949: result: yes
configure:2955: checking whether gcc accepts -g
configure:2976: gcc -c -g  conftest.c >&5
configure:2982: $? = 0
configure:2985: test -z 			 || test ! -s conftest.err
configure:2988: $? = 0
configure:2991: test -s conftest.o
configure:2994: $? = 0
configure:3005: result: yes
configure:3022: checking for gcc option to accept ANSI C
configure:3092: gcc  -c -g -O2  conftest.c >&5
configure:3098: $? = 0
configure:3101: test -z 			 || test ! -s conftest.err
configure:3104: $? = 0
configure:3107: test -s conftest.o
configure:3110: $? = 0
configure:3128: result: none needed
configure:3146: gcc -c -g -O2  conftest.c >&5
conftest.c:2: error: parse error before "me"
configure:3152: $? = 1
configure: failed program was:
| #ifndef __cplusplus
|   choke me
| #endif
configure:3284: checking dependency style of gcc
configure:3374: result: gcc3
configure:3393: checking for dlopen in -ldl
configure:3423: gcc -o conftest -g -O2   conftest.c -ldl   >&5
configure:3429: $? = 0
configure:3432: test -z 			 || test ! -s conftest.err
configure:3435: $? = 0
configure:3438: test -s conftest
configure:3441: $? = 0
configure:3454: result: yes
configure:3466: checking for cos in -lm
configure:3496: gcc -o conftest -g -O2   conftest.c -lm  -ldl  >&5
conftest.c:22: warning: conflicting types for built-in function `cos'
configure:3502: $? = 0
configure:3505: test -z 			 || test ! -s conftest.err
configure:3508: $? = 0
configure:3511: test -s conftest
configure:3514: $? = 0
configure:3527: result: yes
configure:3539: checking for pthread_create in -lpthread
configure:3569: gcc -o conftest -g -O2   conftest.c -lpthread  -lm -ldl  >&5
configure:3575: $? = 0
configure:3578: test -z 			 || test ! -s conftest.err
configure:3581: $? = 0
configure:3584: test -s conftest
configure:3587: $? = 0
configure:3600: result: yes
configure:3612: checking for inflate in -lz
configure:3642: gcc -o conftest -g -O2   conftest.c -lz  -lpthread -lm -ldl  >&5
configure:3648: $? = 0
configure:3651: test -z 			 || test ! -s conftest.err
configure:3654: $? = 0
configure:3657: test -s conftest
configure:3660: $? = 0
configure:3673: result: yes
configure:3685: checking for BZ2_bzCompressInit in -lbz2
configure:3715: gcc -o conftest -g -O2   conftest.c -lbz2  -lz -lpthread -lm -ldl  >&5
configure:3721: $? = 0
configure:3724: test -z 			 || test ! -s conftest.err
configure:3727: $? = 0
configure:3730: test -s conftest
configure:3733: $? = 0
configure:3746: result: yes
configure:3762: checking for pkg-config
configure:3780: found /usr/bin/pkg-config
configure:3793: result: /usr/bin/pkg-config
configure:3814: checking for pkg-config
configure:3832: found /usr/bin/pkg-config
configure:3845: result: /usr/bin/pkg-config
configure:3862: checking for gtkmm-2.0 >= 2.2.0
configure:3866: result: yes
configure:3870: checking GTKMM_CFLAGS
configure:3873: result: -DXTHREADS -I/usr/include/gtkmm-2.0 -I/usr/lib/gtkmm-2.0/include -I/usr/include/gtk-2.0 -I/usr/lib/sigc++-1.2/include -I/usr/include/sigc++-1.2 -I/usr/include/glib-2.0 -I/usr/lib/glib-2.0/include -I/usr/lib/gtk-2.0/include -I/usr/X11R6/include -I/usr/include/pango-1.0 -I/usr/include/freetype2 -I/usr/include/atk-1.0  
configure:3876: checking GTKMM_LIBS
configure:3879: result: -Wl,--export-dynamic -lgtkmm-2.0 -lgdkmm-2.0 -latkmm-1.0 -lgtk-x11-2.0 -lpangomm-1.0 -lglibmm-2.0 -lsigc-1.2 -lgdk-x11-2.0 -latk-1.0 -lgdk_pixbuf-2.0 -lm -lpangoxft-1.0 -lpangox-1.0 -lpango-1.0 -lgobject-2.0 -lgmodule-2.0 -ldl -lglib-2.0  
configure:3929: checking for STLPort
configure:3959: g++ -c -g -O2  conftest.cc >&5
conftest.cc:21:2: #error No STLPort
configure:3965: $? = 1
configure: failed program was:
| /* confdefs.h.  */
| 
| #define PACKAGE_NAME "LinuxDC++"
| #define PACKAGE_TARNAME "linuxdc--"
| #define PACKAGE_VERSION "0.09"
| #define PACKAGE_STRING "LinuxDC++ 0.09"
| #define PACKAGE_BUGREPORT ""
| #define PACKAGE "linuxdc--"
| #define VERSION "0.09"
| #ifdef __cplusplus
| extern "C" void std::exit (int) throw (); using std::exit;
| #endif
| #define HAVE_LIBDL 1
| #define HAVE_LIBM 1
| #define HAVE_LIBPTHREAD 1
| #define HAVE_LIBZ 1
| #define HAVE_LIBBZ2 1
| /* end confdefs.h.  */
| 
| #ifndef _STLPORT_VERSION
| #error No STLPort
| #endif
| 
| 
| int
| main ()
| {
| 
|   ;
|   return 0;
| }
configure:3985: result: no
configure:4008: checking for dirent.h that defines DIR
configure:4032: gcc -c -g -O2  conftest.c >&5
configure:4038: $? = 0
configure:4041: test -z 			 || test ! -s conftest.err
configure:4044: $? = 0
configure:4047: test -s conftest.o
configure:4050: $? = 0
configure:4061: result: yes
configure:4074: checking for library containing opendir
configure:4104: gcc -o conftest -g -O2   conftest.c -lbz2 -lz -lpthread -lm -ldl  >&5
configure:4110: $? = 0
configure:4113: test -z 			 || test ! -s conftest.err
configure:4116: $? = 0
configure:4119: test -s conftest
configure:4122: $? = 0
configure:4191: result: none required
configure:4330: checking how to run the C preprocessor
configure:4365: gcc -E  conftest.c
configure:4371: $? = 0
configure:4403: gcc -E  conftest.c
conftest.c:20:28: ac_nonexistent.h: No such file or directory
configure:4409: $? = 1
configure: failed program was:
| /* confdefs.h.  */
| 
| #define PACKAGE_NAME "LinuxDC++"
| #define PACKAGE_TARNAME "linuxdc--"
| #define PACKAGE_VERSION "0.09"
| #define PACKAGE_STRING "LinuxDC++ 0.09"
| #define PACKAGE_BUGREPORT ""
| #define PACKAGE "linuxdc--"
| #define VERSION "0.09"
| #ifdef __cplusplus
| extern "C" void std::exit (int) throw (); using std::exit;
| #endif
| #define HAVE_LIBDL 1
| #define HAVE_LIBM 1
| #define HAVE_LIBPTHREAD 1
| #define HAVE_LIBZ 1
| #define HAVE_LIBBZ2 1
| #define HAVE_DIRENT_H 1
| /* end confdefs.h.  */
| #include <ac_nonexistent.h>
configure:4448: result: gcc -E
configure:4472: gcc -E  conftest.c
configure:4478: $? = 0
configure:4510: gcc -E  conftest.c
conftest.c:20:28: ac_nonexistent.h: No such file or directory
configure:4516: $? = 1
configure: failed program was:
| /* confdefs.h.  */
| 
| #define PACKAGE_NAME "LinuxDC++"
| #define PACKAGE_TARNAME "linuxdc--"
| #define PACKAGE_VERSION "0.09"
| #define PACKAGE_STRING "LinuxDC++ 0.09"
| #define PACKAGE_BUGREPORT ""
| #define PACKAGE "linuxdc--"
| #define VERSION "0.09"
| #ifdef __cplusplus
| extern "C" void std::exit (int) throw (); using std::exit;
| #endif
| #define HAVE_LIBDL 1
| #define HAVE_LIBM 1
| #define HAVE_LIBPTHREAD 1
| #define HAVE_LIBZ 1
| #define HAVE_LIBBZ2 1
| #define HAVE_DIRENT_H 1
| /* end confdefs.h.  */
| #include <ac_nonexistent.h>
configure:4560: checking for egrep
configure:4570: result: grep -E
configure:4575: checking for ANSI C header files
configure:4600: gcc -c -g -O2  conftest.c >&5
configure:4606: $? = 0
configure:4609: test -z 			 || test ! -s conftest.err
configure:4612: $? = 0
configure:4615: test -s conftest.o
configure:4618: $? = 0
configure:4704: gcc -o conftest -g -O2   conftest.c -lbz2 -lz -lpthread -lm -ldl  >&5
configure:4707: $? = 0
configure:4709: ./conftest
configure:4712: $? = 0
configure:4727: result: yes
configure:4751: checking for sys/types.h
configure:4767: gcc -c -g -O2  conftest.c >&5
configure:4773: $? = 0
configure:4776: test -z 			 || test ! -s conftest.err
configure:4779: $? = 0
configure:4782: test -s conftest.o
configure:4785: $? = 0
configure:4796: result: yes
configure:4751: checking for sys/stat.h
configure:4767: gcc -c -g -O2  conftest.c >&5
configure:4773: $? = 0
configure:4776: test -z 			 || test ! -s conftest.err
configure:4779: $? = 0
configure:4782: test -s conftest.o
configure:4785: $? = 0
configure:4796: result: yes
configure:4751: checking for stdlib.h
configure:4767: gcc -c -g -O2  conftest.c >&5
configure:4773: $? = 0
configure:4776: test -z 			 || test ! -s conftest.err
configure:4779: $? = 0
configure:4782: test -s conftest.o
configure:4785: $? = 0
configure:4796: result: yes
configure:4751: checking for string.h
configure:4767: gcc -c -g -O2  conftest.c >&5
configure:4773: $? = 0
configure:4776: test -z 			 || test ! -s conftest.err
configure:4779: $? = 0
configure:4782: test -s conftest.o
configure:4785: $? = 0
configure:4796: result: yes
configure:4751: checking for memory.h
configure:4767: gcc -c -g -O2  conftest.c >&5
configure:4773: $? = 0
configure:4776: test -z 			 || test ! -s conftest.err
configure:4779: $? = 0
configure:4782: test -s conftest.o
configure:4785: $? = 0
configure:4796: result: yes
configure:4751: checking for strings.h
configure:4767: gcc -c -g -O2  conftest.c >&5
configure:4773: $? = 0
configure:4776: test -z 			 || test ! -s conftest.err
configure:4779: $? = 0
configure:4782: test -s conftest.o
configure:4785: $? = 0
configure:4796: result: yes
configure:4751: checking for inttypes.h
configure:4767: gcc -c -g -O2  conftest.c >&5
configure:4773: $? = 0
configure:4776: test -z 			 || test ! -s conftest.err
configure:4779: $? = 0
configure:4782: test -s conftest.o
configure:4785: $? = 0
configure:4796: result: yes
configure:4751: checking for stdint.h
configure:4767: gcc -c -g -O2  conftest.c >&5
configure:4773: $? = 0
configure:4776: test -z 			 || test ! -s conftest.err
configure:4779: $? = 0
configure:4782: test -s conftest.o
configure:4785: $? = 0
configure:4796: result: yes
configure:4751: checking for unistd.h
configure:4767: gcc -c -g -O2  conftest.c >&5
configure:4773: $? = 0
configure:4776: test -z 			 || test ! -s conftest.err
configure:4779: $? = 0
configure:4782: test -s conftest.o
configure:4785: $? = 0
configure:4796: result: yes
configure:4839: checking arpa/inet.h usability
configure:4851: gcc -c -g -O2  conftest.c >&5
configure:4857: $? = 0
configure:4860: test -z 			 || test ! -s conftest.err
configure:4863: $? = 0
configure:4866: test -s conftest.o
configure:4869: $? = 0
configure:4879: result: yes
configure:4883: checking arpa/inet.h presence
configure:4893: gcc -E  conftest.c
configure:4899: $? = 0
configure:4919: result: yes
configure:4954: checking for arpa/inet.h
configure:4961: result: yes
configure:4839: checking fcntl.h usability
configure:4851: gcc -c -g -O2  conftest.c >&5
configure:4857: $? = 0
configure:4860: test -z 			 || test ! -s conftest.err
configure:4863: $? = 0
configure:4866: test -s conftest.o
configure:4869: $? = 0
configure:4879: result: yes
configure:4883: checking fcntl.h presence
configure:4893: gcc -E  conftest.c
configure:4899: $? = 0
configure:4919: result: yes
configure:4954: checking for fcntl.h
configure:4961: result: yes
configure:4839: checking limits.h usability
configure:4851: gcc -c -g -O2  conftest.c >&5
configure:4857: $? = 0
configure:4860: test -z 			 || test ! -s conftest.err
configure:4863: $? = 0
configure:4866: test -s conftest.o
configure:4869: $? = 0
configure:4879: result: yes
configure:4883: checking limits.h presence
configure:4893: gcc -E  conftest.c
configure:4899: $? = 0
configure:4919: result: yes
configure:4954: checking for limits.h
configure:4961: result: yes
configure:4839: checking locale.h usability
configure:4851: gcc -c -g -O2  conftest.c >&5
configure:4857: $? = 0
configure:4860: test -z 			 || test ! -s conftest.err
configure:4863: $? = 0
configure:4866: test -s conftest.o
configure:4869: $? = 0
configure:4879: result: yes
configure:4883: checking locale.h presence
configure:4893: gcc -E  conftest.c
configure:4899: $? = 0
configure:4919: result: yes
configure:4954: checking for locale.h
configure:4961: result: yes
configure:4839: checking malloc.h usability
configure:4851: gcc -c -g -O2  conftest.c >&5
configure:4857: $? = 0
configure:4860: test -z 			 || test ! -s conftest.err
configure:4863: $? = 0
configure:4866: test -s conftest.o
configure:4869: $? = 0
configure:4879: result: yes
configure:4883: checking malloc.h presence
configure:4893: gcc -E  conftest.c
configure:4899: $? = 0
configure:4919: result: yes
configure:4954: checking for malloc.h
configure:4961: result: yes
configure:4830: checking for memory.h
configure:4835: result: yes
configure:4839: checking netdb.h usability
configure:4851: gcc -c -g -O2  conftest.c >&5
configure:4857: $? = 0
configure:4860: test -z 			 || test ! -s conftest.err
configure:4863: $? = 0
configure:4866: test -s conftest.o
configure:4869: $? = 0
configure:4879: result: yes
configure:4883: checking netdb.h presence
configure:4893: gcc -E  conftest.c
configure:4899: $? = 0
configure:4919: result: yes
configure:4954: checking for netdb.h
configure:4961: result: yes
configure:4839: checking netinet/in.h usability
configure:4851: gcc -c -g -O2  conftest.c >&5
configure:4857: $? = 0
configure:4860: test -z 			 || test ! -s conftest.err
configure:4863: $? = 0
configure:4866: test -s conftest.o
configure:4869: $? = 0
configure:4879: result: yes
configure:4883: checking netinet/in.h presence
configure:4893: gcc -E  conftest.c
configure:4899: $? = 0
configure:4919: result: yes
configure:4954: checking for netinet/in.h
configure:4961: result: yes
configure:4839: checking stddef.h usability
configure:4851: gcc -c -g -O2  conftest.c >&5
configure:4857: $? = 0
configure:4860: test -z 			 || test ! -s conftest.err
configure:4863: $? = 0
configure:4866: test -s conftest.o
configure:4869: $? = 0
configure:4879: result: yes
configure:4883: checking stddef.h presence
configure:4893: gcc -E  conftest.c
configure:4899: $? = 0
configure:4919: result: yes
configure:4954: checking for stddef.h
configure:4961: result: yes
configure:4830: checking for stdlib.h
configure:4835: result: yes
configure:4830: checking for string.h
configure:4835: result: yes
configure:4839: checking sys/ioctl.h usability
configure:4851: gcc -c -g -O2  conftest.c >&5
configure:4857: $? = 0
configure:4860: test -z 			 || test ! -s conftest.err
configure:4863: $? = 0
configure:4866: test -s conftest.o
configure:4869: $? = 0
configure:4879: result: yes
configure:4883: checking sys/ioctl.h presence
configure:4893: gcc -E  conftest.c
configure:4899: $? = 0
configure:4919: result: yes
configure:4954: checking for sys/ioctl.h
configure:4961: result: yes
configure:4839: checking sys/sendfile.h usability
configure:4851: gcc -c -g -O2  conftest.c >&5
configure:4857: $? = 0
configure:4860: test -z 			 || test ! -s conftest.err
configure:4863: $? = 0
configure:4866: test -s conftest.o
configure:4869: $? = 0
configure:4879: result: yes
configure:4883: checking sys/sendfile.h presence
configure:4893: gcc -E  conftest.c
configure:4899: $? = 0
configure:4919: result: yes
configure:4954: checking for sys/sendfile.h
configure:4961: result: yes
configure:4839: checking sys/socket.h usability
configure:4851: gcc -c -g -O2  conftest.c >&5
configure:4857: $? = 0
configure:4860: test -z 			 || test ! -s conftest.err
configure:4863: $? = 0
configure:4866: test -s conftest.o
configure:4869: $? = 0
configure:4879: result: yes
configure:4883: checking sys/socket.h presence
configure:4893: gcc -E  conftest.c
configure:4899: $? = 0
configure:4919: result: yes
configure:4954: checking for sys/socket.h
configure:4961: result: yes
configure:4839: checking sys/time.h usability
configure:4851: gcc -c -g -O2  conftest.c >&5
configure:4857: $? = 0
configure:4860: test -z 			 || test ! -s conftest.err
configure:4863: $? = 0
configure:4866: test -s conftest.o
configure:4869: $? = 0
configure:4879: result: yes
configure:4883: checking sys/time.h presence
configure:4893: gcc -E  conftest.c
configure:4899: $? = 0
configure:4919: result: yes
configure:4954: checking for sys/time.h
configure:4961: result: yes
configure:4830: checking for unistd.h
configure:4835: result: yes
configure:4839: checking utime.h usability
configure:4851: gcc -c -g -O2  conftest.c >&5
configure:4857: $? = 0
configure:4860: test -z 			 || test ! -s conftest.err
configure:4863: $? = 0
configure:4866: test -s conftest.o
configure:4869: $? = 0
configure:4879: result: yes
configure:4883: checking utime.h presence
configure:4893: gcc -E  conftest.c
configure:4899: $? = 0
configure:4919: result: yes
configure:4954: checking for utime.h
configure:4961: result: yes
configure:4839: checking asm/atomic.h usability
configure:4851: gcc -c -g -O2  conftest.c >&5
configure:4857: $? = 0
configure:4860: test -z 			 || test ! -s conftest.err
configure:4863: $? = 0
configure:4866: test -s conftest.o
configure:4869: $? = 0
configure:4879: result: yes
configure:4883: checking asm/atomic.h presence
configure:4893: gcc -E  conftest.c
configure:4899: $? = 0
configure:4919: result: yes
configure:4954: checking for asm/atomic.h
configure:4961: result: yes
configure:4976: checking for stdbool.h that conforms to C99
configure:5029: gcc -c -g -O2  conftest.c >&5
configure:5035: $? = 0
configure:5038: test -z 			 || test ! -s conftest.err
configure:5041: $? = 0
configure:5044: test -s conftest.o
configure:5047: $? = 0
configure:5058: result: yes
configure:5060: checking for _Bool
configure:5084: gcc -c -g -O2  conftest.c >&5
configure:5090: $? = 0
configure:5093: test -z 			 || test ! -s conftest.err
configure:5096: $? = 0
configure:5099: test -s conftest.o
configure:5102: $? = 0
configure:5113: result: yes
configure:5132: checking for an ANSI C-conforming const
configure:5199: gcc -c -g -O2  conftest.c >&5
configure:5205: $? = 0
configure:5208: test -z 			 || test ! -s conftest.err
configure:5211: $? = 0
configure:5214: test -s conftest.o
configure:5217: $? = 0
configure:5228: result: yes
configure:5238: checking for inline
configure:5259: gcc -c -g -O2  conftest.c >&5
configure:5265: $? = 0
configure:5268: test -z 			 || test ! -s conftest.err
configure:5271: $? = 0
configure:5274: test -s conftest.o
configure:5277: $? = 0
configure:5289: result: inline
configure:5308: checking for off_t
configure:5332: gcc -c -g -O2  conftest.c >&5
configure:5338: $? = 0
configure:5341: test -z 			 || test ! -s conftest.err
configure:5344: $? = 0
configure:5347: test -s conftest.o
configure:5350: $? = 0
configure:5361: result: yes
configure:5373: checking for size_t
configure:5397: gcc -c -g -O2  conftest.c >&5
configure:5403: $? = 0
configure:5406: test -z 			 || test ! -s conftest.err
configure:5409: $? = 0
configure:5412: test -s conftest.o
configure:5415: $? = 0
configure:5426: result: yes
configure:5438: checking whether time.h and sys/time.h may both be included
configure:5463: gcc -c -g -O2  conftest.c >&5
configure:5469: $? = 0
configure:5472: test -z 			 || test ! -s conftest.err
configure:5475: $? = 0
configure:5478: test -s conftest.o
configure:5481: $? = 0
configure:5492: result: yes
configure:5502: checking whether struct tm is in sys/time.h or time.h
configure:5525: gcc -c -g -O2  conftest.c >&5
configure:5531: $? = 0
configure:5534: test -z 			 || test ! -s conftest.err
configure:5537: $? = 0
configure:5540: test -s conftest.o
configure:5543: $? = 0
configure:5554: result: time.h
configure:5564: checking for ptrdiff_t
configure:5588: gcc -c -g -O2  conftest.c >&5
configure:5594: $? = 0
configure:5597: test -z 			 || test ! -s conftest.err
configure:5600: $? = 0
configure:5603: test -s conftest.o
configure:5606: $? = 0
configure:5617: result: yes
configure:5630: checking for uid_t in sys/types.h
configure:5653: result: yes
configure:5673: checking for unistd.h
configure:5678: result: yes
configure:5817: checking for working chown
configure:5856: gcc -o conftest -g -O2   conftest.c -lbz2 -lz -lpthread -lm -ldl  >&5
configure:5859: $? = 0
configure:5861: ./conftest
configure:5864: $? = 0
configure:5880: result: yes
configure:5890: checking whether closedir returns void
configure:5919: gcc -o conftest -g -O2   conftest.c -lbz2 -lz -lpthread -lm -ldl  >&5
configure:5922: $? = 0
configure:5924: ./conftest
configure:5927: $? = 0
configure:5941: result: no
configure:5951: checking for error_at_line
configure:5972: gcc -o conftest -g -O2   conftest.c -lbz2 -lz -lpthread -lm -ldl  >&5
configure:5978: $? = 0
configure:5981: test -z 			 || test ! -s conftest.err
configure:5984: $? = 0
configure:5987: test -s conftest
configure:5990: $? = 0
configure:6002: result: yes
configure:6017: checking for working alloca.h
configure:6038: gcc -o conftest -g -O2   conftest.c -lbz2 -lz -lpthread -lm -ldl  >&5
configure:6044: $? = 0
configure:6047: test -z 			 || test ! -s conftest.err
configure:6050: $? = 0
configure:6053: test -s conftest
configure:6056: $? = 0
configure:6068: result: yes
configure:6078: checking for alloca
configure:6119: gcc -o conftest -g -O2   conftest.c -lbz2 -lz -lpthread -lm -ldl  >&5
configure:6125: $? = 0
configure:6128: test -z 			 || test ! -s conftest.err
configure:6131: $? = 0
configure:6134: test -s conftest
configure:6137: $? = 0
configure:6149: result: yes
configure:6371: checking for mbstate_t
configure:6393: gcc -c -g -O2  conftest.c >&5
configure:6399: $? = 0
configure:6402: test -z 			 || test ! -s conftest.err
configure:6405: $? = 0
configure:6408: test -s conftest.o
configure:6411: $? = 0
configure:6422: result: yes
configure:6437: checking for working POSIX fnmatch
configure:6475: gcc -o conftest -g -O2   conftest.c -lbz2 -lz -lpthread -lm -ldl  >&5
configure:6478: $? = 0
configure:6480: ./conftest
configure:6483: $? = 0
configure:6497: result: yes
configure:6852: checking for stdlib.h
configure:6857: result: yes
configure:6996: checking for GNU libc compatible malloc
configure:7025: gcc -o conftest -g -O2   conftest.c -lbz2 -lz -lpthread -lm -ldl  >&5
configure:7028: $? = 0
configure:7030: ./conftest
configure:7033: $? = 0
configure:7047: result: yes
configure:7077: checking for working memcmp
configure:7125: gcc -o conftest -g -O2   conftest.c -lbz2 -lz -lpthread -lm -ldl  >&5
configure:7128: $? = 0
configure:7130: ./conftest
configure:7133: $? = 0
configure:7147: result: yes
configure:7173: checking sys/select.h usability
configure:7185: gcc -c -g -O2  conftest.c >&5
configure:7191: $? = 0
configure:7194: test -z 			 || test ! -s conftest.err
configure:7197: $? = 0
configure:7200: test -s conftest.o
configure:7203: $? = 0
configure:7213: result: yes
configure:7217: checking sys/select.h presence
configure:7227: gcc -E  conftest.c
configure:7233: $? = 0
configure:7253: result: yes
configure:7288: checking for sys/select.h
configure:7295: result: yes
configure:7164: checking for sys/socket.h
configure:7169: result: yes
configure:7308: checking types of arguments for select
configure:7341: gcc -c -g -O2  conftest.c >&5
configure:7347: $? = 0
configure:7350: test -z 			 || test ! -s conftest.err
configure:7353: $? = 0
configure:7356: test -s conftest.o
configure:7359: $? = 0
configure:7375: result: int,fd_set *,struct timeval *
configure:7398: checking return type of signal handlers
configure:7429: gcc -c -g -O2  conftest.c >&5
configure:7435: $? = 0
configure:7438: test -z 			 || test ! -s conftest.err
configure:7441: $? = 0
configure:7444: test -s conftest.o
configure:7447: $? = 0
configure:7458: result: void
configure:7466: checking whether lstat dereferences a symlink specified with a trailing slash
configure:7497: gcc -o conftest -g -O2   conftest.c -lbz2 -lz -lpthread -lm -ldl  >&5
configure:7500: $? = 0
configure:7502: ./conftest
configure:7505: $? = 0
configure:7526: result: yes
configure:7547: checking whether stat accepts an empty string
configure:7572: gcc -o conftest -g -O2   conftest.c -lbz2 -lz -lpthread -lm -ldl  >&5
configure:7575: $? = 0
configure:7577: ./conftest
configure:7580: $? = 1
configure: program exited with status 1
configure: failed program was:
| /* confdefs.h.  */
| 
| #define PACKAGE_NAME "LinuxDC++"
| #define PACKAGE_TARNAME "linuxdc--"
| #define PACKAGE_VERSION "0.09"
| #define PACKAGE_STRING "LinuxDC++ 0.09"
| #define PACKAGE_BUGREPORT ""
| #define PACKAGE "linuxdc--"
| #define VERSION "0.09"
| #ifdef __cplusplus
| extern "C" void std::exit (int) throw (); using std::exit;
| #endif
| #define HAVE_LIBDL 1
| #define HAVE_LIBM 1
| #define HAVE_LIBPTHREAD 1
| #define HAVE_LIBZ 1
| #define HAVE_LIBBZ2 1
| #define HAVE_DIRENT_H 1
| #define STDC_HEADERS 1
| #define HAVE_SYS_TYPES_H 1
| #define HAVE_SYS_STAT_H 1
| #define HAVE_STDLIB_H 1
| #define HAVE_STRING_H 1
| #define HAVE_MEMORY_H 1
| #define HAVE_STRINGS_H 1
| #define HAVE_INTTYPES_H 1
| #define HAVE_STDINT_H 1
| #define HAVE_UNISTD_H 1
| #define HAVE_ARPA_INET_H 1
| #define HAVE_FCNTL_H 1
| #define HAVE_LIMITS_H 1
| #define HAVE_LOCALE_H 1
| #define HAVE_MALLOC_H 1
| #define HAVE_MEMORY_H 1
| #define HAVE_NETDB_H 1
| #define HAVE_NETINET_IN_H 1
| #define HAVE_STDDEF_H 1
| #define HAVE_STDLIB_H 1
| #define HAVE_STRING_H 1
| #define HAVE_SYS_IOCTL_H 1
| #define HAVE_SYS_SENDFILE_H 1
| #define HAVE_SYS_SOCKET_H 1
| #define HAVE_SYS_TIME_H 1
| #define HAVE_UNISTD_H 1
| #define HAVE_UTIME_H 1
| #define HAVE_ASM_ATOMIC_H 1
| #define HAVE__BOOL 1
| #define HAVE_STDBOOL_H 1
| #define TIME_WITH_SYS_TIME 1
| #define HAVE_PTRDIFF_T 1
| #define HAVE_UNISTD_H 1
| #define HAVE_CHOWN 1
| #define HAVE_ALLOCA_H 1
| #define HAVE_ALLOCA 1
| #define HAVE_MBSTATE_T 1
| #define HAVE_STDLIB_H 1
| #define HAVE_MALLOC 1
| #define HAVE_SYS_SELECT_H 1
| #define HAVE_SYS_SOCKET_H 1
| #define SELECT_TYPE_ARG1 int
| #define SELECT_TYPE_ARG234 (fd_set *)
| #define SELECT_TYPE_ARG5 (struct timeval *)
| #define RETSIGTYPE void
| #define LSTAT_FOLLOWS_SLASHED_SYMLINK 1
| /* end confdefs.h.  */
| #include <stdio.h>
| #if HAVE_SYS_TYPES_H
| # include <sys/types.h>
| #endif
| #if HAVE_SYS_STAT_H
| # include <sys/stat.h>
| #endif
| #if STDC_HEADERS
| # include <stdlib.h>
| # include <stddef.h>
| #else
| # if HAVE_STDLIB_H
| #  include <stdlib.h>
| # endif
| #endif
| #if HAVE_STRING_H
| # if !STDC_HEADERS && HAVE_MEMORY_H
| #  include <memory.h>
| # endif
| # include <string.h>
| #endif
| #if HAVE_STRINGS_H
| # include <strings.h>
| #endif
| #if HAVE_INTTYPES_H
| # include <inttypes.h>
| #else
| # if HAVE_STDINT_H
| #  include <stdint.h>
| # endif
| #endif
| #if HAVE_UNISTD_H
| # include <unistd.h>
| #endif
| int
| main ()
| {
| struct stat sbuf;
|   exit (stat ("", &sbuf) ? 1 : 0);
|   ;
|   return 0;
| }
configure:7594: result: no
configure:7612: checking whether strerror_r is declared
configure:7636: gcc -c -g -O2  conftest.c >&5
configure:7642: $? = 0
configure:7645: test -z 			 || test ! -s conftest.err
configure:7648: $? = 0
configure:7651: test -s conftest.o
configure:7654: $? = 0
configure:7665: result: yes
configure:7687: checking for strerror_r
configure:7744: gcc -o conftest -g -O2   conftest.c -lbz2 -lz -lpthread -lm -ldl  >&5
configure:7750: $? = 0
configure:7753: test -z 			 || test ! -s conftest.err
configure:7756: $? = 0
configure:7759: test -s conftest
configure:7762: $? = 0
configure:7774: result: yes
configure:7784: checking whether strerror_r returns char *
configure:7812: gcc -c -g -O2  conftest.c >&5
configure:7818: $? = 0
configure:7821: test -z 			 || test ! -s conftest.err
configure:7824: $? = 0
configure:7827: test -s conftest.o
configure:7830: $? = 0
configure:7890: result: yes
configure:7904: checking for strftime
configure:7961: gcc -o conftest -g -O2   conftest.c -lbz2 -lz -lpthread -lm -ldl  >&5
configure:7967: $? = 0
configure:7970: test -z 			 || test ! -s conftest.err
configure:7973: $? = 0
configure:7976: test -s conftest
configure:7979: $? = 0
configure:7991: result: yes
configure:8074: checking whether utime accepts a null argument
configure:8105: gcc -o conftest -g -O2   conftest.c -lbz2 -lz -lpthread -lm -ldl  >&5
configure:8108: $? = 0
configure:8110: ./conftest
configure:8113: $? = 0
configure:8128: result: yes
configure:8143: checking for vprintf
configure:8200: gcc -o conftest -g -O2   conftest.c -lbz2 -lz -lpthread -lm -ldl  >&5
conftest.c:95: warning: conflicting types for built-in function `vprintf'
configure:8206: $? = 0
configure:8209: test -z 			 || test ! -s conftest.err
configure:8212: $? = 0
configure:8215: test -s conftest
configure:8218: $? = 0
configure:8230: result: yes
configure:8237: checking for _doprnt
configure:8294: gcc -o conftest -g -O2   conftest.c -lbz2 -lz -lpthread -lm -ldl  >&5
/tmp/cc6hVuXG.o(.text+0x11): In function `main':
/home/jens/doc/gtk/linuxdcpp/conftest.c:112: undefined reference to `_doprnt'
/tmp/cc6hVuXG.o(.data+0x0):/home/jens/doc/gtk/linuxdcpp/conftest.c:111: undefined reference to `_doprnt'
collect2: ld returned 1 exit status
configure:8300: $? = 1
configure: failed program was:
| /* confdefs.h.  */
| 
| #define PACKAGE_NAME "LinuxDC++"
| #define PACKAGE_TARNAME "linuxdc--"
| #define PACKAGE_VERSION "0.09"
| #define PACKAGE_STRING "LinuxDC++ 0.09"
| #define PACKAGE_BUGREPORT ""
| #define PACKAGE "linuxdc--"
| #define VERSION "0.09"
| #ifdef __cplusplus
| extern "C" void std::exit (int) throw (); using std::exit;
| #endif
| #define HAVE_LIBDL 1
| #define HAVE_LIBM 1
| #define HAVE_LIBPTHREAD 1
| #define HAVE_LIBZ 1
| #define HAVE_LIBBZ2 1
| #define HAVE_DIRENT_H 1
| #define STDC_HEADERS 1
| #define HAVE_SYS_TYPES_H 1
| #define HAVE_SYS_STAT_H 1
| #define HAVE_STDLIB_H 1
| #define HAVE_STRING_H 1
| #define HAVE_MEMORY_H 1
| #define HAVE_STRINGS_H 1
| #define HAVE_INTTYPES_H 1
| #define HAVE_STDINT_H 1
| #define HAVE_UNISTD_H 1
| #define HAVE_ARPA_INET_H 1
| #define HAVE_FCNTL_H 1
| #define HAVE_LIMITS_H 1
| #define HAVE_LOCALE_H 1
| #define HAVE_MALLOC_H 1
| #define HAVE_MEMORY_H 1
| #define HAVE_NETDB_H 1
| #define HAVE_NETINET_IN_H 1
| #define HAVE_STDDEF_H 1
| #define HAVE_STDLIB_H 1
| #define HAVE_STRING_H 1
| #define HAVE_SYS_IOCTL_H 1
| #define HAVE_SYS_SENDFILE_H 1
| #define HAVE_SYS_SOCKET_H 1
| #define HAVE_SYS_TIME_H 1
| #define HAVE_UNISTD_H 1
| #define HAVE_UTIME_H 1
| #define HAVE_ASM_ATOMIC_H 1
| #define HAVE__BOOL 1
| #define HAVE_STDBOOL_H 1
| #define TIME_WITH_SYS_TIME 1
| #define HAVE_PTRDIFF_T 1
| #define HAVE_UNISTD_H 1
| #define HAVE_CHOWN 1
| #define HAVE_ALLOCA_H 1
| #define HAVE_ALLOCA 1
| #define HAVE_MBSTATE_T 1
| #define HAVE_STDLIB_H 1
| #define HAVE_MALLOC 1
| #define HAVE_SYS_SELECT_H 1
| #define HAVE_SYS_SOCKET_H 1
| #define SELECT_TYPE_ARG1 int
| #define SELECT_TYPE_ARG234 (fd_set *)
| #define SELECT_TYPE_ARG5 (struct timeval *)
| #define RETSIGTYPE void
| #define LSTAT_FOLLOWS_SLASHED_SYMLINK 1
| #define HAVE_DECL_STRERROR_R 1
| #define HAVE_STRERROR_R 1
| #define STRERROR_R_CHAR_P 1
| #define HAVE_STRFTIME 1
| #define HAVE_UTIME_NULL 1
| #define HAVE_VPRINTF 1
| /* end confdefs.h.  */
| /* Define _doprnt to an innocuous variant, in case <limits.h> declares _doprnt.
|    For example, HP-UX 11i <limits.h> declares gettimeofday.  */
| #define _doprnt innocuous__doprnt
| 
| /* System header to define __stub macros and hopefully few prototypes,
|     which can conflict with char _doprnt (); below.
|     Prefer <limits.h> to <assert.h> if __STDC__ is defined, since
|     <limits.h> exists even on freestanding compilers.  */
| 
| #ifdef __STDC__
| # include <limits.h>
| #else
| # include <assert.h>
| #endif
| 
| #undef _doprnt
| 
| /* Override any gcc2 internal prototype to avoid an error.  */
| #ifdef __cplusplus
| extern "C"
| {
| #endif
| /* We use char because int might match the return type of a gcc2
|    builtin and then its argument prototype would still apply.  */
| char _doprnt ();
| /* The GNU C library defines this for functions which it implements
|     to always fail with ENOSYS.  Some functions are actually named
|     something starting with __ and the normal name is an alias.  */
| #if defined (__stub__doprnt) || defined (__stub____doprnt)
| choke me
| #else
| char (*f) () = _doprnt;
| #endif
| #ifdef __cplusplus
| }
| #endif
| 
| int
| main ()
| {
| return f != _doprnt;
|   ;
|   return 0;
| }
configure:8324: result: no
configure:8356: checking for ftruncate
configure:8413: gcc -o conftest -g -O2   conftest.c -lbz2 -lz -lpthread -lm -ldl  >&5
configure:8419: $? = 0
configure:8422: test -z 			 || test ! -s conftest.err
configure:8425: $? = 0
configure:8428: test -s conftest
configure:8431: $? = 0
configure:8443: result: yes
configure:8356: checking for gethostbyname
configure:8413: gcc -o conftest -g -O2   conftest.c -lbz2 -lz -lpthread -lm -ldl  >&5
configure:8419: $? = 0
configure:8422: test -z 			 || test ! -s conftest.err
configure:8425: $? = 0
configure:8428: test -s conftest
configure:8431: $? = 0
configure:8443: result: yes
configure:8356: checking for gethostname
configure:8413: gcc -o conftest -g -O2   conftest.c -lbz2 -lz -lpthread -lm -ldl  >&5
configure:8419: $? = 0
configure:8422: test -z 			 || test ! -s conftest.err
configure:8425: $? = 0
configure:8428: test -s conftest
configure:8431: $? = 0
configure:8443: result: yes
configure:8356: checking for gettimeofday
configure:8413: gcc -o conftest -g -O2   conftest.c -lbz2 -lz -lpthread -lm -ldl  >&5
configure:8419: $? = 0
configure:8422: test -z 			 || test ! -s conftest.err
configure:8425: $? = 0
configure:8428: test -s conftest
configure:8431: $? = 0
configure:8443: result: yes
configure:8356: checking for inet_ntoa
configure:8413: gcc -o conftest -g -O2   conftest.c -lbz2 -lz -lpthread -lm -ldl  >&5
configure:8419: $? = 0
configure:8422: test -z 			 || test ! -s conftest.err
configure:8425: $? = 0
configure:8428: test -s conftest
configure:8431: $? = 0
configure:8443: result: yes
configure:8356: checking for memset
configure:8413: gcc -o conftest -g -O2   conftest.c -lbz2 -lz -lpthread -lm -ldl  >&5
conftest.c:101: warning: conflicting types for built-in function `memset'
configure:8419: $? = 0
configure:8422: test -z 			 || test ! -s conftest.err
configure:8425: $? = 0
configure:8428: test -s conftest
configure:8431: $? = 0
configure:8443: result: yes
configure:8356: checking for mkdir
configure:8413: gcc -o conftest -g -O2   conftest.c -lbz2 -lz -lpthread -lm -ldl  >&5
configure:8419: $? = 0
configure:8422: test -z 			 || test ! -s conftest.err
configure:8425: $? = 0
configure:8428: test -s conftest
configure:8431: $? = 0
configure:8443: result: yes
configure:8356: checking for pow
configure:8413: gcc -o conftest -g -O2   conftest.c -lbz2 -lz -lpthread -lm -ldl  >&5
configure:8419: $? = 0
configure:8422: test -z 			 || test ! -s conftest.err
configure:8425: $? = 0
configure:8428: test -s conftest
configure:8431: $? = 0
configure:8443: result: yes
configure:8356: checking for select
configure:8413: gcc -o conftest -g -O2   conftest.c -lbz2 -lz -lpthread -lm -ldl  >&5
configure:8419: $? = 0
configure:8422: test -z 			 || test ! -s conftest.err
configure:8425: $? = 0
configure:8428: test -s conftest
configure:8431: $? = 0
configure:8443: result: yes
configure:8356: checking for setlocale
configure:8413: gcc -o conftest -g -O2   conftest.c -lbz2 -lz -lpthread -lm -ldl  >&5
configure:8419: $? = 0
configure:8422: test -z 			 || test ! -s conftest.err
configure:8425: $? = 0
configure:8428: test -s conftest
configure:8431: $? = 0
configure:8443: result: yes
configure:8356: checking for socket
configure:8413: gcc -o conftest -g -O2   conftest.c -lbz2 -lz -lpthread -lm -ldl  >&5
configure:8419: $? = 0
configure:8422: test -z 			 || test ! -s conftest.err
configure:8425: $? = 0
configure:8428: test -s conftest
configure:8431: $? = 0
configure:8443: result: yes
configure:8356: checking for strerror
configure:8413: gcc -o conftest -g -O2   conftest.c -lbz2 -lz -lpthread -lm -ldl  >&5
configure:8419: $? = 0
configure:8422: test -z 			 || test ! -s conftest.err
configure:8425: $? = 0
configure:8428: test -s conftest
configure:8431: $? = 0
configure:8443: result: yes
configure:8356: checking for strstr
configure:8413: gcc -o conftest -g -O2   conftest.c -lbz2 -lz -lpthread -lm -ldl  >&5
conftest.c:108: warning: conflicting types for built-in function `strstr'
configure:8419: $? = 0
configure:8422: test -z 			 || test ! -s conftest.err
configure:8425: $? = 0
configure:8428: test -s conftest
configure:8431: $? = 0
configure:8443: result: yes
configure:8356: checking for uname
configure:8413: gcc -o conftest -g -O2   conftest.c -lbz2 -lz -lpthread -lm -ldl  >&5
configure:8419: $? = 0
configure:8422: test -z 			 || test ! -s conftest.err
configure:8425: $? = 0
configure:8428: test -s conftest
configure:8431: $? = 0
configure:8443: result: yes
configure:8356: checking for utime
configure:8413: gcc -o conftest -g -O2   conftest.c -lbz2 -lz -lpthread -lm -ldl  >&5
configure:8419: $? = 0
configure:8422: test -z 			 || test ! -s conftest.err
configure:8425: $? = 0
configure:8428: test -s conftest
configure:8431: $? = 0
configure:8443: result: yes
configure:8603: creating ./config.status

## ---------------------- ##
## Running config.status. ##
## ---------------------- ##

This file was extended by LinuxDC++ config.status 0.09, which was
generated by GNU Autoconf 2.59.  Invocation command line was

  CONFIG_FILES    = 
  CONFIG_HEADERS  = 
  CONFIG_LINKS    = 
  CONFIG_COMMANDS = 
  $ ./config.status 

on Jens-dator

config.status:742: creating Makefile
config.status:742: creating client/Makefile
config.status:742: creating linux/Makefile
config.status:742: creating sigc++/Makefile
config.status:742: creating sigcx/Makefile
config.status:1023: executing depfiles commands

## ---------------- ##
## Cache variables. ##
## ---------------- ##

ac_cv_c_compiler_gnu=yes
ac_cv_c_const=yes
ac_cv_c_inline=inline
ac_cv_cxx_compiler_gnu=yes
ac_cv_env_CC_set=
ac_cv_env_CC_value=
ac_cv_env_CFLAGS_set=
ac_cv_env_CFLAGS_value=
ac_cv_env_CPPFLAGS_set=
ac_cv_env_CPPFLAGS_value=
ac_cv_env_CPP_set=
ac_cv_env_CPP_value=
ac_cv_env_CXXFLAGS_set=
ac_cv_env_CXXFLAGS_value=
ac_cv_env_CXX_set=
ac_cv_env_CXX_value=
ac_cv_env_LDFLAGS_set=
ac_cv_env_LDFLAGS_value=
ac_cv_env_build_alias_set=
ac_cv_env_build_alias_value=
ac_cv_env_host_alias_set=
ac_cv_env_host_alias_value=
ac_cv_env_target_alias_set=
ac_cv_env_target_alias_value=
ac_cv_exeext=
ac_cv_func__doprnt=no
ac_cv_func_alloca_works=yes
ac_cv_func_chown_works=yes
ac_cv_func_closedir_void=no
ac_cv_func_fnmatch_works=yes
ac_cv_func_ftruncate=yes
ac_cv_func_gethostbyname=yes
ac_cv_func_gethostname=yes
ac_cv_func_gettimeofday=yes
ac_cv_func_inet_ntoa=yes
ac_cv_func_lstat_dereferences_slashed_symlink=yes
ac_cv_func_malloc_0_nonnull=yes
ac_cv_func_memcmp_working=yes
ac_cv_func_memset=yes
ac_cv_func_mkdir=yes
ac_cv_func_pow=yes
ac_cv_func_select=yes
ac_cv_func_select_args='int,fd_set *,struct timeval *'
ac_cv_func_setlocale=yes
ac_cv_func_socket=yes
ac_cv_func_stat_empty_string_bug=no
ac_cv_func_strerror=yes
ac_cv_func_strerror_r=yes
ac_cv_func_strerror_r_char_p=yes
ac_cv_func_strftime=yes
ac_cv_func_strstr=yes
ac_cv_func_uname=yes
ac_cv_func_utime=yes
ac_cv_func_utime_null=yes
ac_cv_func_vprintf=yes
ac_cv_have_decl_strerror_r=yes
ac_cv_header_arpa_inet_h=yes
ac_cv_header_asm_atomic_h=yes
ac_cv_header_dirent_dirent_h=yes
ac_cv_header_fcntl_h=yes
ac_cv_header_inttypes_h=yes
ac_cv_header_limits_h=yes
ac_cv_header_locale_h=yes
ac_cv_header_malloc_h=yes
ac_cv_header_memory_h=yes
ac_cv_header_netdb_h=yes
ac_cv_header_netinet_in_h=yes
ac_cv_header_stdbool_h=yes
ac_cv_header_stdc=yes
ac_cv_header_stddef_h=yes
ac_cv_header_stdint_h=yes
ac_cv_header_stdlib_h=yes
ac_cv_header_string_h=yes
ac_cv_header_strings_h=yes
ac_cv_header_sys_ioctl_h=yes
ac_cv_header_sys_select_h=yes
ac_cv_header_sys_sendfile_h=yes
ac_cv_header_sys_socket_h=yes
ac_cv_header_sys_stat_h=yes
ac_cv_header_sys_time_h=yes
ac_cv_header_sys_types_h=yes
ac_cv_header_time=yes
ac_cv_header_unistd_h=yes
ac_cv_header_utime_h=yes
ac_cv_lib_bz2_BZ2_bzCompressInit=yes
ac_cv_lib_dl_dlopen=yes
ac_cv_lib_error_at_line=yes
ac_cv_lib_m_cos=yes
ac_cv_lib_pthread_pthread_create=yes
ac_cv_lib_z_inflate=yes
ac_cv_objext=o
ac_cv_path_PKGCONFIG_CONFIG=/usr/bin/pkg-config
ac_cv_path_PKG_CONFIG=/usr/bin/pkg-config
ac_cv_path_install='/usr/bin/install -c'
ac_cv_prog_AWK=mawk
ac_cv_prog_CPP='gcc -E'
ac_cv_prog_ac_ct_CC=gcc
ac_cv_prog_ac_ct_CXX=g++
ac_cv_prog_ac_ct_RANLIB=ranlib
ac_cv_prog_cc_g=yes
ac_cv_prog_cc_stdc=
ac_cv_prog_cxx_g=yes
ac_cv_prog_egrep='grep -E'
ac_cv_prog_make_make_set=yes
ac_cv_search_opendir='none required'
ac_cv_struct_tm=time.h
ac_cv_type__Bool=yes
ac_cv_type_mbstate_t=yes
ac_cv_type_off_t=yes
ac_cv_type_ptrdiff_t=yes
ac_cv_type_signal=void
ac_cv_type_size_t=yes
ac_cv_type_uid_t=yes
ac_cv_working_alloca_h=yes
am_cv_CC_dependencies_compiler_type=gcc3
am_cv_CXX_dependencies_compiler_type=gcc3

## ----------------- ##
## Output variables. ##
## ----------------- ##

ACLOCAL='${SHELL} /home/jens/doc/gtk/linuxdcpp/missing --run aclocal-1.8'
ALLOCA=''
AMDEPBACKSLASH='\'
AMDEP_FALSE='#'
AMDEP_TRUE=''
AMTAR='${SHELL} /home/jens/doc/gtk/linuxdcpp/missing --run tar'
AUTOCONF='${SHELL} /home/jens/doc/gtk/linuxdcpp/missing --run autoconf'
AUTOHEADER='${SHELL} /home/jens/doc/gtk/linuxdcpp/missing --run autoheader'
AUTOMAKE='${SHELL} /home/jens/doc/gtk/linuxdcpp/missing --run automake-1.8'
AWK='mawk'
CC='gcc'
CCDEPMODE='depmode=gcc3'
CFLAGS='-g -O2'
CPP='gcc -E'
CPPFLAGS=''
CXX='g++'
CXXDEPMODE='depmode=gcc3'
CXXFLAGS='-g -O2'
CYGPATH_W='echo'
DEFS='-DPACKAGE_NAME=\"LinuxDC++\" -DPACKAGE_TARNAME=\"linuxdc--\" -DPACKAGE_VERSION=\"0.09\" -DPACKAGE_STRING=\"LinuxDC++\ 0.09\" -DPACKAGE_BUGREPORT=\"\" -DPACKAGE=\"linuxdc--\" -DVERSION=\"0.09\" -DHAVE_LIBDL=1 -DHAVE_LIBM=1 -DHAVE_LIBPTHREAD=1 -DHAVE_LIBZ=1 -DHAVE_LIBBZ2=1 -DHAVE_DIRENT_H=1 -DSTDC_HEADERS=1 -DHAVE_SYS_TYPES_H=1 -DHAVE_SYS_STAT_H=1 -DHAVE_STDLIB_H=1 -DHAVE_STRING_H=1 -DHAVE_MEMORY_H=1 -DHAVE_STRINGS_H=1 -DHAVE_INTTYPES_H=1 -DHAVE_STDINT_H=1 -DHAVE_UNISTD_H=1 -DHAVE_ARPA_INET_H=1 -DHAVE_FCNTL_H=1 -DHAVE_LIMITS_H=1 -DHAVE_LOCALE_H=1 -DHAVE_MALLOC_H=1 -DHAVE_MEMORY_H=1 -DHAVE_NETDB_H=1 -DHAVE_NETINET_IN_H=1 -DHAVE_STDDEF_H=1 -DHAVE_STDLIB_H=1 -DHAVE_STRING_H=1 -DHAVE_SYS_IOCTL_H=1 -DHAVE_SYS_SENDFILE_H=1 -DHAVE_SYS_SOCKET_H=1 -DHAVE_SYS_TIME_H=1 -DHAVE_UNISTD_H=1 -DHAVE_UTIME_H=1 -DHAVE_ASM_ATOMIC_H=1 -DHAVE__BOOL=1 -DHAVE_STDBOOL_H=1 -DTIME_WITH_SYS_TIME=1 -DHAVE_PTRDIFF_T=1 -DHAVE_UNISTD_H=1 -DHAVE_CHOWN=1 -DHAVE_ALLOCA_H=1 -DHAVE_ALLOCA=1 -DHAVE_MBSTATE_T=1 -DHAVE_STDLIB_H=1 -DHAVE_MALLOC=1 -DHAVE_SYS_SELECT_H=1 -DHAVE_SYS_SOCKET_H=1 -DSELECT_TYPE_ARG1=int -DSELECT_TYPE_ARG234=\(fd_set\ \*\) -DSELECT_TYPE_ARG5=\(struct\ timeval\ \*\) -DRETSIGTYPE=void -DLSTAT_FOLLOWS_SLASHED_SYMLINK=1 -DHAVE_DECL_STRERROR_R=1 -DHAVE_STRERROR_R=1 -DSTRERROR_R_CHAR_P=1 -DHAVE_STRFTIME=1 -DHAVE_UTIME_NULL=1 -DHAVE_VPRINTF=1 -DHAVE_FTRUNCATE=1 -DHAVE_GETHOSTBYNAME=1 -DHAVE_GETHOSTNAME=1 -DHAVE_GETTIMEOFDAY=1 -DHAVE_INET_NTOA=1 -DHAVE_MEMSET=1 -DHAVE_MKDIR=1 -DHAVE_POW=1 -DHAVE_SELECT=1 -DHAVE_SETLOCALE=1 -DHAVE_SOCKET=1 -DHAVE_STRERROR=1 -DHAVE_STRSTR=1 -DHAVE_UNAME=1 -DHAVE_UTIME=1 '
DEPDIR='.deps'
ECHO_C=''
ECHO_N='-n'
ECHO_T=''
EGREP='grep -E'
EXEEXT=''
GTKMM_CFLAGS='-DXTHREADS -I/usr/include/gtkmm-2.0 -I/usr/lib/gtkmm-2.0/include -I/usr/include/gtk-2.0 -I/usr/lib/sigc++-1.2/include -I/usr/include/sigc++-1.2 -I/usr/include/glib-2.0 -I/usr/lib/glib-2.0/include -I/usr/lib/gtk-2.0/include -I/usr/X11R6/include -I/usr/include/pango-1.0 -I/usr/include/freetype2 -I/usr/include/atk-1.0  '
GTKMM_CFLAGS_MANGLED=' -DXTHREADS -I/usr/include/gtkmm-2.0 -I/usr/lib/gtkmm-2.0/include -I/usr/include/gtk-2.0 -I/usr/include/glib-2.0 -I/usr/lib/glib-2.0/include -I/usr/lib/gtk-2.0/include -I/usr/X11R6/include -I/usr/include/pango-1.0 -I/usr/include/freetype2 -I/usr/include/atk-1.0'
GTKMM_LIBS='-Wl,--export-dynamic -lgtkmm-2.0 -lgdkmm-2.0 -latkmm-1.0 -lgtk-x11-2.0 -lpangomm-1.0 -lglibmm-2.0 -lsigc-1.2 -lgdk-x11-2.0 -latk-1.0 -lgdk_pixbuf-2.0 -lm -lpangoxft-1.0 -lpangox-1.0 -lpango-1.0 -lgobject-2.0 -lgmodule-2.0 -ldl -lglib-2.0  '
GTKMM_LIBS_MANGLED=' -Wl,--export-dynamic -lgtkmm-2.0 -lgdkmm-2.0 -latkmm-1.0 -lgtk-x11-2.0 -lpangomm-1.0 -lglibmm-2.0 -lgdk-x11-2.0 -latk-1.0 -lgdk_pixbuf-2.0 -lm -lpangoxft-1.0 -lpangox-1.0 -lpango-1.0 -lgobject-2.0 -lgmodule-2.0 -ldl -lglib-2.0'
INSTALL_DATA='${INSTALL} -m 644'
INSTALL_PROGRAM='${INSTALL}'
INSTALL_SCRIPT='${INSTALL}'
INSTALL_STRIP_PROGRAM='${SHELL} $(install_sh) -c -s'
LDFLAGS=''
LIBOBJS=''
LIBS='-lbz2 -lz -lpthread -lm -ldl '
LTLIBOBJS=''
MAKEINFO='${SHELL} /home/jens/doc/gtk/linuxdcpp/missing --run makeinfo'
OBJEXT='o'
PACKAGE='linuxdc--'
PACKAGE_BUGREPORT=''
PACKAGE_NAME='LinuxDC++'
PACKAGE_STRING='LinuxDC++ 0.09'
PACKAGE_TARNAME='linuxdc--'
PACKAGE_VERSION='0.09'
PATH_SEPARATOR=':'
PKGCONFIG_CONFIG='/usr/bin/pkg-config'
PKG_CONFIG='/usr/bin/pkg-config'
RANLIB='ranlib'
SET_MAKE=''
SHELL='/bin/sh'
STRIP=''
VERSION='0.09'
ac_ct_CC='gcc'
ac_ct_CXX='g++'
ac_ct_RANLIB='ranlib'
ac_ct_STRIP=''
am__fastdepCC_FALSE='#'
am__fastdepCC_TRUE=''
am__fastdepCXX_FALSE='#'
am__fastdepCXX_TRUE=''
am__include='include'
am__leading_dot='.'
am__quote=''
bindir='${exec_prefix}/bin'
build_alias=''
datadir='${prefix}/share'
exec_prefix='${prefix}'
host_alias=''
includedir='${prefix}/include'
infodir='${prefix}/info'
install_sh='/home/jens/doc/gtk/linuxdcpp/install-sh'
libdir='${exec_prefix}/lib'
libexecdir='${exec_prefix}/libexec'
localstatedir='${prefix}/var'
mandir='${prefix}/man'
mkdir_p='mkdir -p -- .'
oldincludedir='/usr/include'
prefix='/usr/local'
program_transform_name='s,x,x,'
sbindir='${exec_prefix}/sbin'
sharedstatedir='${prefix}/com'
sysconfdir='${prefix}/etc'
target_alias=''

## ----------- ##
## confdefs.h. ##
## ----------- ##

#define HAVE_ALLOCA 1
#define HAVE_ALLOCA_H 1
#define HAVE_ARPA_INET_H 1
#define HAVE_ASM_ATOMIC_H 1
#define HAVE_CHOWN 1
#define HAVE_DECL_STRERROR_R 1
#define HAVE_DIRENT_H 1
#define HAVE_FCNTL_H 1
#define HAVE_FTRUNCATE 1
#define HAVE_GETHOSTBYNAME 1
#define HAVE_GETHOSTNAME 1
#define HAVE_GETTIMEOFDAY 1
#define HAVE_INET_NTOA 1
#define HAVE_INTTYPES_H 1
#define HAVE_LIBBZ2 1
#define HAVE_LIBDL 1
#define HAVE_LIBM 1
#define HAVE_LIBPTHREAD 1
#define HAVE_LIBZ 1
#define HAVE_LIMITS_H 1
#define HAVE_LOCALE_H 1
#define HAVE_MALLOC 1
#define HAVE_MALLOC_H 1
#define HAVE_MBSTATE_T 1
#define HAVE_MEMORY_H 1
#define HAVE_MEMORY_H 1
#define HAVE_MEMSET 1
#define HAVE_MKDIR 1
#define HAVE_NETDB_H 1
#define HAVE_NETINET_IN_H 1
#define HAVE_POW 1
#define HAVE_PTRDIFF_T 1
#define HAVE_SELECT 1
#define HAVE_SETLOCALE 1
#define HAVE_SOCKET 1
#define HAVE_STDBOOL_H 1
#define HAVE_STDDEF_H 1
#define HAVE_STDINT_H 1
#define HAVE_STDLIB_H 1
#define HAVE_STDLIB_H 1
#define HAVE_STDLIB_H 1
#define HAVE_STRERROR 1
#define HAVE_STRERROR_R 1
#define HAVE_STRFTIME 1
#define HAVE_STRINGS_H 1
#define HAVE_STRING_H 1
#define HAVE_STRING_H 1
#define HAVE_STRSTR 1
#define HAVE_SYS_IOCTL_H 1
#define HAVE_SYS_SELECT_H 1
#define HAVE_SYS_SENDFILE_H 1
#define HAVE_SYS_SOCKET_H 1
#define HAVE_SYS_SOCKET_H 1
#define HAVE_SYS_STAT_H 1
#define HAVE_SYS_TIME_H 1
#define HAVE_SYS_TYPES_H 1
#define HAVE_UNAME 1
#define HAVE_UNISTD_H 1
#define HAVE_UNISTD_H 1
#define HAVE_UNISTD_H 1
#define HAVE_UTIME 1
#define HAVE_UTIME_H 1
#define HAVE_UTIME_NULL 1
#define HAVE_VPRINTF 1
#define HAVE__BOOL 1
#define LSTAT_FOLLOWS_SLASHED_SYMLINK 1
#define PACKAGE "linuxdc--"
#define PACKAGE_BUGREPORT ""
#define PACKAGE_NAME "LinuxDC++"
#define PACKAGE_STRING "LinuxDC++ 0.09"
#define PACKAGE_TARNAME "linuxdc--"
#define PACKAGE_VERSION "0.09"
#define RETSIGTYPE void
#define SELECT_TYPE_ARG1 int
#define SELECT_TYPE_ARG234 (fd_set *)
#define SELECT_TYPE_ARG5 (struct timeval *)
#define STDC_HEADERS 1
#define STRERROR_R_CHAR_P 1
#define TIME_WITH_SYS_TIME 1
#define VERSION "0.09"
#endif
#ifdef __cplusplus
extern "C" void std::exit (int) throw (); using std::exit;

configure: exit 0

## ---------------------- ##
## Running config.status. ##
## ---------------------- ##

This file was extended by LinuxDC++ config.status 0.09, which was
generated by GNU Autoconf 2.59.  Invocation command line was

  CONFIG_FILES    = 
  CONFIG_HEADERS  = 
  CONFIG_LINKS    = 
  CONFIG_COMMANDS = 
  $ ./config.status Makefile

on Jens-dator

config.status:742: creating Makefile
